Added Component: Designator=P1(HDR2X25)
Add component. Clean all parameters for all variants
Add component (AddParameter): Name = "LatestRevisionDate"; Value = "17-Jul-2002"; VariantName = "[No Variations]"
Add component (AddParameter): Name = "LatestRevisionNote"; Value = "Re-released for DXP Platform."; VariantName = "[No Variations]"
Add component (AddParameter): Name = "Publisher"; Value = "Altium Limited"; VariantName = "[No Variations]"
Added Component: Designator=P2(MODULE_STM32F4DISCOVERY)
Add component. Clean all parameters for all variants
Add component (AddParameter): Name = "LatestRevisionDate"; Value = "17-Jul-2002"; VariantName = "[No Variations]"
Add component (AddParameter): Name = "LatestRevisionNote"; Value = "Re-released for DXP Platform."; VariantName = "[No Variations]"
Add component (AddParameter): Name = "Publisher"; Value = "Altium Limited"; VariantName = "[No Variations]"
Added Pin To Net: NetName=GND Pin=P1-1
Added Pin To Net: NetName=GND Pin=P1-2
Added Pin To Net: NetName=5V Pin=P1-3
Added Pin To Net: NetName=5V Pin=P1-4
Added Pin To Net: NetName=3V Pin=P1-5
Added Pin To Net: NetName=3V Pin=P1-6
Added Pin To Net: NetName=PH0 Pin=P1-7
Added Pin To Net: NetName=PH1 Pin=P1-8
Added Pin To Net: NetName=PC14 Pin=P1-9
Added Pin To Net: NetName=PC15 Pin=P1-10
Added Pin To Net: NetName=PE6 Pin=P1-11
Added Pin To Net: NetName=PC13 Pin=P1-12
Added Pin To Net: NetName=PE4 Pin=P1-13
Added Pin To Net: NetName=PE5 Pin=P1-14
Added Pin To Net: NetName=PE2 Pin=P1-15
Added Pin To Net: NetName=PE3 Pin=P1-16
Added Pin To Net: NetName=PE0 Pin=P1-17
Added Pin To Net: NetName=PE1 Pin=P1-18
Added Pin To Net: NetName=PB8 Pin=P1-19
Added Pin To Net: NetName=PB9 Pin=P1-20
Added Pin To Net: NetName=BOOT0 Pin=P1-21
Added Pin To Net: NetName=VDD Pin=P1-22
Added Pin To Net: NetName=PB6 Pin=P1-23
Added Pin To Net: NetName=PB7 Pin=P1-24
Added Pin To Net: NetName=PB4 Pin=P1-25
Added Pin To Net: NetName=PB5 Pin=P1-26
Added Pin To Net: NetName=PD7 Pin=P1-27
Added Pin To Net: NetName=PB3 Pin=P1-28
Added Pin To Net: NetName=PD5 Pin=P1-29
Added Pin To Net: NetName=PD6 Pin=P1-30
Added Pin To Net: NetName=PD3 Pin=P1-31
Added Pin To Net: NetName=PD4 Pin=P1-32
Added Pin To Net: NetName=PD1 Pin=P1-33
Added Pin To Net: NetName=PD2 Pin=P1-34
Added Pin To Net: NetName=PC12 Pin=P1-35
Added Pin To Net: NetName=PD0 Pin=P1-36
Added Pin To Net: NetName=PC10 Pin=P1-37
Added Pin To Net: NetName=PC11 Pin=P1-38
Added Pin To Net: NetName=PA14 Pin=P1-39
Added Pin To Net: NetName=PA15 Pin=P1-40
Added Pin To Net: NetName=PA10 Pin=P1-41
Added Pin To Net: NetName=PA13 Pin=P1-42
Added Pin To Net: NetName=PA8 Pin=P1-43
Added Pin To Net: NetName=PA9 Pin=P1-44
Added Pin To Net: NetName=PC8 Pin=P1-45
Added Pin To Net: NetName=PC9 Pin=P1-46
Added Pin To Net: NetName=PC6 Pin=P1-47
Added Pin To Net: NetName=GND Pin=P1-49
Added Pin To Net: NetName=GND Pin=P1-50
Added Member To Class: ClassName=Sheet1 Member=Component P1 Header 25X2
Added Member To Class: ClassName=Sheet1 Member=Component P2 Header 25X2
Added Room: Name=Sheet1
