Added Component: Designator=P1(HDR2X25)
Add component. Clean all parameters for all variants
Add component (AddParameter): Name = "LatestRevisionDate"; Value = "17-Jul-2002"; VariantName = "[No Variations]"
Add component (AddParameter): Name = "LatestRevisionNote"; Value = "Re-released for DXP Platform."; VariantName = "[No Variations]"
Add component (AddParameter): Name = "Publisher"; Value = "Altium Limited"; VariantName = "[No Variations]"
Added Component: Designator=P2(HDR2X25)
Add component. Clean all parameters for all variants
Add component (AddParameter): Name = "LatestRevisionDate"; Value = "17-Jul-2002"; VariantName = "[No Variations]"
Add component (AddParameter): Name = "LatestRevisionNote"; Value = "Re-released for DXP Platform."; VariantName = "[No Variations]"
Add component (AddParameter): Name = "Publisher"; Value = "Altium Limited"; VariantName = "[No Variations]"
Added Pin To Net: NetName=3V Pin=P1-5
Added Pin To Net: NetName=3V Pin=P1-6
Added Net: Name=3V
Added Pin To Net: NetName=5V Pin=P1-3
Added Pin To Net: NetName=5V Pin=P1-4
Added Net: Name=5V
Added Pin To Net: NetName=BOOT0 Pin=P1-21
Added Net: Name=BOOT0
Added Pin To Net: NetName=GND Pin=P1-1
Added Pin To Net: NetName=GND Pin=P1-2
Added Pin To Net: NetName=GND Pin=P1-49
Added Pin To Net: NetName=GND Pin=P1-50
Added Pin To Net: NetName=GND Pin=P2-1
Added Pin To Net: NetName=GND Pin=P2-2
Added Pin To Net: NetName=GND Pin=P2-5
Added Pin To Net: NetName=GND Pin=P2-23
Added Pin To Net: NetName=GND Pin=P2-49
Added Pin To Net: NetName=GND Pin=P2-50
Added Net: Name=GND
Added Pin To Net: NetName=NRST Pin=P2-6
Added Net: Name=NRST
Added Pin To Net: NetName=PA0 Pin=P2-12
Added Net: Name=PA0
Added Pin To Net: NetName=PA1 Pin=P2-11
Added Net: Name=PA1
Added Pin To Net: NetName=PA2 Pin=P2-14
Added Net: Name=PA2
Added Pin To Net: NetName=PA3 Pin=P2-13
Added Net: Name=PA3
Added Pin To Net: NetName=PA4 Pin=P2-16
Added Net: Name=PA4
Added Pin To Net: NetName=PA5 Pin=P2-15
Added Net: Name=PA5
Added Pin To Net: NetName=PA6 Pin=P2-18
Added Net: Name=PA6
Added Pin To Net: NetName=PA7 Pin=P2-17
Added Net: Name=PA7
Added Pin To Net: NetName=PA8 Pin=P1-43
Added Net: Name=PA8
Added Pin To Net: NetName=PA9 Pin=P1-44
Added Net: Name=PA9
Added Pin To Net: NetName=PA10 Pin=P1-41
Added Net: Name=PA10
Added Pin To Net: NetName=PA13 Pin=P1-42
Added Net: Name=PA13
Added Pin To Net: NetName=PA14 Pin=P1-39
Added Net: Name=PA14
Added Pin To Net: NetName=PA15 Pin=P1-40
Added Net: Name=PA15
Added Pin To Net: NetName=PB0 Pin=P2-22
Added Net: Name=PB0
Added Pin To Net: NetName=PB1 Pin=P2-21
Added Net: Name=PB1
Added Pin To Net: NetName=PB2 Pin=P2-24
Added Net: Name=PB2
Added Pin To Net: NetName=PB3 Pin=P1-28
Added Net: Name=PB3
Added Pin To Net: NetName=PB4 Pin=P1-25
Added Net: Name=PB4
Added Pin To Net: NetName=PB5 Pin=P1-26
Added Net: Name=PB5
Added Pin To Net: NetName=PB6 Pin=P1-23
Added Net: Name=PB6
Added Pin To Net: NetName=PB7 Pin=P1-24
Added Net: Name=PB7
Added Pin To Net: NetName=PB8 Pin=P1-19
Added Net: Name=PB8
Added Pin To Net: NetName=PB9 Pin=P1-20
Added Net: Name=PB9
Added Pin To Net: NetName=PB10 Pin=P2-34
Added Net: Name=PB10
Added Pin To Net: NetName=PB11 Pin=P2-35
Added Net: Name=PB11
Added Pin To Net: NetName=PB12 Pin=P2-36
Added Net: Name=PB12
Added Pin To Net: NetName=PB13 Pin=P2-37
Added Net: Name=PB13
Added Pin To Net: NetName=PB14 Pin=P2-38
Added Net: Name=PB14
Added Pin To Net: NetName=PB15 Pin=P2-39
Added Net: Name=PB15
Added Pin To Net: NetName=PC0 Pin=P2-8
Added Net: Name=PC0
Added Pin To Net: NetName=PC1 Pin=P2-7
Added Net: Name=PC1
Added Pin To Net: NetName=PC2 Pin=P2-10
Added Net: Name=PC2
Added Pin To Net: NetName=PC3 Pin=P2-9
Added Net: Name=PC3
Added Pin To Net: NetName=PC4 Pin=P2-20
Added Net: Name=PC4
Added Pin To Net: NetName=PC5 Pin=P2-19
Added Net: Name=PC5
Added Pin To Net: NetName=PC6 Pin=P1-47
Added Net: Name=PC6
Added Pin To Net: NetName=PC7 Pin=P1-48
Added Net: Name=PC7
Added Pin To Net: NetName=PC8 Pin=P1-45
Added Net: Name=PC8
Added Pin To Net: NetName=PC9 Pin=P1-46
Added Net: Name=PC9
Added Pin To Net: NetName=PC10 Pin=P1-37
Added Net: Name=PC10
Added Pin To Net: NetName=PC11 Pin=P1-38
Added Net: Name=PC11
Added Pin To Net: NetName=PC12 Pin=P1-35
Added Net: Name=PC12
Added Pin To Net: NetName=PC13 Pin=P1-12
Added Net: Name=PC13
Added Pin To Net: NetName=PC14 Pin=P1-9
Added Net: Name=PC14
Added Pin To Net: NetName=PC15 Pin=P1-10
Added Net: Name=PC15
Added Pin To Net: NetName=PD0 Pin=P1-36
Added Net: Name=PD0
Added Pin To Net: NetName=PD1 Pin=P1-33
Added Net: Name=PD1
Added Pin To Net: NetName=PD2 Pin=P1-34
Added Net: Name=PD2
Added Pin To Net: NetName=PD3 Pin=P1-31
Added Net: Name=PD3
Added Pin To Net: NetName=PD4 Pin=P1-32
Added Net: Name=PD4
Added Pin To Net: NetName=PD5 Pin=P1-29
Added Net: Name=PD5
Added Pin To Net: NetName=PD6 Pin=P1-30
Added Net: Name=PD6
Added Pin To Net: NetName=PD7 Pin=P1-27
Added Net: Name=PD7
Added Pin To Net: NetName=PD8 Pin=P2-40
Added Net: Name=PD8
Added Pin To Net: NetName=PD9 Pin=P2-41
Added Net: Name=PD9
Added Pin To Net: NetName=PD10 Pin=P2-42
Added Net: Name=PD10
Added Pin To Net: NetName=PD11 Pin=P2-43
Added Net: Name=PD11
Added Pin To Net: NetName=PD12 Pin=P2-44
Added Net: Name=PD12
Added Pin To Net: NetName=PD13 Pin=P2-45
Added Net: Name=PD13
Added Pin To Net: NetName=PD14 Pin=P2-46
Added Net: Name=PD14
Added Pin To Net: NetName=PD15 Pin=P2-47
Added Net: Name=PD15
Added Pin To Net: NetName=PE0 Pin=P1-17
Added Net: Name=PE0
Added Pin To Net: NetName=PE1 Pin=P1-18
Added Net: Name=PE1
Added Pin To Net: NetName=PE2 Pin=P1-15
Added Net: Name=PE2
Added Pin To Net: NetName=PE3 Pin=P1-16
Added Net: Name=PE3
Added Pin To Net: NetName=PE4 Pin=P1-13
Added Net: Name=PE4
Added Pin To Net: NetName=PE5 Pin=P1-14
Added Net: Name=PE5
Added Pin To Net: NetName=PE6 Pin=P1-11
Added Net: Name=PE6
Added Pin To Net: NetName=PE7 Pin=P2-25
Added Net: Name=PE7
Added Pin To Net: NetName=PE8 Pin=P2-26
Added Net: Name=PE8
Added Pin To Net: NetName=PE9 Pin=P2-27
Added Net: Name=PE9
Added Pin To Net: NetName=PE10 Pin=P2-28
Added Net: Name=PE10
Added Pin To Net: NetName=PE11 Pin=P2-29
Added Net: Name=PE11
Added Pin To Net: NetName=PE12 Pin=P2-30
Added Net: Name=PE12
Added Pin To Net: NetName=PE13 Pin=P2-31
Added Net: Name=PE13
Added Pin To Net: NetName=PE14 Pin=P2-32
Added Net: Name=PE14
Added Pin To Net: NetName=PE15 Pin=P2-33
Added Net: Name=PE15
Added Pin To Net: NetName=PH0 Pin=P1-7
Added Net: Name=PH0
Added Pin To Net: NetName=PH1 Pin=P1-8
Added Net: Name=PH1
Added Pin To Net: NetName=VDD Pin=P1-22
Added Pin To Net: NetName=VDD Pin=P2-3
Added Pin To Net: NetName=VDD Pin=P2-4
Added Net: Name=VDD
Added Class: Name=Sheet1
Added Room: Name=Sheet1
